this is a test script
1
2
3
4
5
6
7
8
9
10
This is the end of script
Goodbye
this is a test script
1
2
3
4
5
trapped CTRC-C
6
7
trapped CTRC-C
8
trapped CTRC-C
9
trapped CTRC-C
10
trapped CTRC-C
This is the end of script
Goodbye
this is a test script
1
2
3
4
5
6
7
8
9
10
This is the end of script
Goodbye
this is a test script
1
2
3
4
5
6
7
8
9
10
This is the end of script
Goodbye
this is a test script
1
2
3
4
5
this is a test script
1
2
3
trapped CTRC-C
4
5
6
7
8
9
10
This is the end of script
Goodbye
this is a test script
1
2
3
4
5
6
7
8
9
10
trapped CTRC-C
This is the end of script
Goodbye
